Already up to date.
2023
Scraping year 2023...
Number of Games: 359
Download error: http://site.api.espn.com/apis/site/v2/sports/basketball/nba/summary?event=401468340
TypeError: game_id = 401468340
 the JSON object must be str, bytes or bytearray, not NoneType
Finished Scraping year 2023...
Already up to date.
         used (Mb) gc trigger (Mb) max used (Mb)
Ncells 273710 14.7     660900 35.3   451920 24.2
Vcells 459112  3.6    8388608 64.0  1800272 13.8
          used (Mb) gc trigger  (Mb) max used  (Mb)
Ncells 1200139 64.1    2367977 126.5  2367977 126.5
Vcells 2803199 21.4   14854227 113.4 18567779 141.7
         used (Mb) gc trigger (Mb) max used (Mb)
Ncells 273710 14.7     660900 35.3   451920 24.2
Vcells 459112  3.6    8388608 64.0  1800272 13.8
          used (Mb) gc trigger (Mb) max used (Mb)
Ncells 1212119 64.8    2377868  127  2377868  127
Vcells 2701089 20.7    8388608   64  8387657   64
         used (Mb) gc trigger (Mb) max used (Mb)
Ncells 273710 14.7     660900 35.3   451920 24.2
Vcells 459112  3.6    8388608 64.0  1800272 13.8
          used (Mb) gc trigger (Mb) max used (Mb)
Ncells 1227725 65.6    2376649  127  2376649  127
Vcells 2734916 20.9    8388608   64  8387229   64
Already up to date.
Already up to date.
[main 0449bc282e] NBA Play-by-Play and Schedules update (Start: 2023 End: 2023)
 706 files changed, 568987 insertions(+), 35956 deletions(-)
 rewrite daily_nba.out (96%)
 create mode 100644 nba/json/final/401468507.json
 create mode 100644 nba/json/final/401468508.json
 create mode 100644 nba/json/final/401468509.json
 create mode 100644 nba/json/final/401468510.json
 create mode 100644 nba/json/final/401468511.json
 create mode 100644 nba/json/final/401468512.json
 create mode 100644 nba/json/final/401468513.json
 create mode 100644 nba/json/final/401468514.json
 create mode 100644 nba/json/raw/401468507.json
 create mode 100644 nba/json/raw/401468508.json
 create mode 100644 nba/json/raw/401468509.json
 create mode 100644 nba/json/raw/401468510.json
 create mode 100644 nba/json/raw/401468511.json
 create mode 100644 nba/json/raw/401468512.json
 create mode 100644 nba/json/raw/401468513.json
 create mode 100644 nba/json/raw/401468514.json
 rewrite nba/nba_games_in_data_repo.parquet (63%)
 rewrite nba/nba_games_in_data_repo.qs (80%)
 rewrite nba/player_box/csv/player_box_2023.csv.gz (94%)
 rewrite nba/player_box/parquet/player_box_2023.parquet (94%)
 rewrite nba/player_box/qs/player_box_2023.qs (97%)
 rewrite nba/player_box/rds/player_box_2023.rds (95%)
 rewrite nba/schedules/qs/nba_schedule_2023.qs (73%)
 rewrite nba/schedules/rds/nba_schedule_2023.rds (64%)
 rewrite nba/team_box/csv/team_box_2023.csv.gz (98%)
 rewrite nba/team_box/parquet/team_box_2023.parquet (80%)
 rewrite nba/team_box/qs/team_box_2023.qs (99%)
 rewrite nba/team_box/rds/team_box_2023.rds (99%)
Already up to date.
