Already up to date.
Scraping MBB schedules for year 2023...
Scraping year 2023...
Number of Games: 5794
KeyError: game_id = 401488802
 'abbreviation'
Download error: http://site.api.espn.com/apis/site/v2/sports/basketball/mens-college-basketball/summary?event=401492365
Download error: http://site.api.espn.com/apis/site/v2/sports/basketball/mens-college-basketball/summary?event=401492365
Download error: http://site.api.espn.com/apis/site/v2/sports/basketball/mens-college-basketball/summary?event=401492365
Download error: http://site.api.espn.com/apis/site/v2/sports/basketball/mens-college-basketball/summary?event=401492365
Download error: http://site.api.espn.com/apis/site/v2/sports/basketball/mens-college-basketball/summary?event=401492365
Download error: http://site.api.espn.com/apis/site/v2/sports/basketball/mens-college-basketball/summary?event=401492365
Download error: http://site.api.espn.com/apis/site/v2/sports/basketball/mens-college-basketball/summary?event=401470354
Download error: http://site.api.espn.com/apis/site/v2/sports/basketball/mens-college-basketball/summary?event=401470354
Download error: http://site.api.espn.com/apis/site/v2/sports/basketball/mens-college-basketball/summary?event=401470354
Download error: http://site.api.espn.com/apis/site/v2/sports/basketball/mens-college-basketball/summary?event=401470354
Finished Scraping year 2023...
Already up to date.
          used (Mb) gc trigger  (Mb)  max used   (Mb)
Ncells 1195676 63.9    3707863 198.1   3707863  198.1
Vcells 3392099 25.9  128553864 980.8 181256594 1382.9
          used (Mb) gc trigger  (Mb) max used  (Mb)
Ncells 1200734 64.2    2393855 127.9  2393855 127.9
Vcells 3145303 24.0   25173036 192.1 26046496 198.8
          used (Mb) gc trigger  (Mb) max used  (Mb)
Ncells 1257500 67.2    2394100 127.9  2394100 127.9
Vcells 3271144 25.0   19964950 152.4 24876378 189.8
Already up to date.
Already up to date.
[main 9fb730f7d9f] MBB Play-by-Play and Schedules update (Start: 2023 End: 2023)
 9400 files changed, 1570021 insertions(+), 229674 deletions(-)
 rewrite daily_mbb.out (93%)
 create mode 100644 mbb/json/final/401473605.json
 create mode 100644 mbb/json/final/401473606.json
 create mode 100644 mbb/json/final/401473607.json
 create mode 100644 mbb/json/final/401473608.json
 create mode 100644 mbb/json/final/401473609.json
 create mode 100644 mbb/json/final/401473610.json
 create mode 100644 mbb/json/final/401481161.json
 create mode 100644 mbb/json/final/401481162.json
 create mode 100644 mbb/json/final/401481163.json
 create mode 100644 mbb/json/final/401481164.json
 create mode 100644 mbb/json/final/401481166.json
 create mode 100644 mbb/json/final/401482885.json
 create mode 100644 mbb/json/final/401484520.json
 create mode 100644 mbb/json/final/401514256.json
 create mode 100644 mbb/json/final/401514257.json
 create mode 100644 mbb/json/final/401514258.json
 create mode 100644 mbb/json/final/401514259.json
 create mode 100644 mbb/json/final/401514272.json
 create mode 100644 mbb/json/final/401514322.json
 create mode 100644 mbb/json/final/401514323.json
 create mode 100644 mbb/json/final/401514324.json
 create mode 100644 mbb/json/final/401514325.json
 create mode 100644 mbb/json/final/401514340.json
 create mode 100644 mbb/json/final/401514341.json
 create mode 100644 mbb/json/final/401514352.json
 create mode 100644 mbb/json/final/401514353.json
 create mode 100644 mbb/json/final/401514361.json
 create mode 100644 mbb/json/final/401514362.json
 create mode 100644 mbb/json/final/401514396.json
 create mode 100644 mbb/json/final/401514397.json
 create mode 100644 mbb/json/final/401531471.json
 create mode 100644 mbb/json/raw/401473605.json
 create mode 100644 mbb/json/raw/401473606.json
 create mode 100644 mbb/json/raw/401473607.json
 create mode 100644 mbb/json/raw/401473608.json
 create mode 100644 mbb/json/raw/401473609.json
 create mode 100644 mbb/json/raw/401473610.json
 create mode 100644 mbb/json/raw/401481161.json
 create mode 100644 mbb/json/raw/401481162.json
 create mode 100644 mbb/json/raw/401481163.json
 create mode 100644 mbb/json/raw/401481164.json
 create mode 100644 mbb/json/raw/401481166.json
 create mode 100644 mbb/json/raw/401482885.json
 create mode 100644 mbb/json/raw/401484520.json
 create mode 100644 mbb/json/raw/401514256.json
 create mode 100644 mbb/json/raw/401514257.json
 create mode 100644 mbb/json/raw/401514258.json
 create mode 100644 mbb/json/raw/401514259.json
 create mode 100644 mbb/json/raw/401514272.json
 create mode 100644 mbb/json/raw/401514322.json
 create mode 100644 mbb/json/raw/401514323.json
 create mode 100644 mbb/json/raw/401514324.json
 create mode 100644 mbb/json/raw/401514325.json
 create mode 100644 mbb/json/raw/401514340.json
 create mode 100644 mbb/json/raw/401514341.json
 create mode 100644 mbb/json/raw/401514352.json
 create mode 100644 mbb/json/raw/401514353.json
 create mode 100644 mbb/json/raw/401514361.json
 create mode 100644 mbb/json/raw/401514362.json
 create mode 100644 mbb/json/raw/401514396.json
 create mode 100644 mbb/json/raw/401514397.json
 create mode 100644 mbb/json/raw/401531471.json
 rewrite mbb/mbb_games_in_data_repo.parquet (69%)
 rewrite mbb/mbb_games_in_data_repo.qs (79%)
 rewrite mbb/player_box/parquet/player_box_2023.parquet (73%)
 rewrite mbb/player_box/qs/player_box_2023.qs (73%)
 rewrite mbb/player_box/rds/player_box_2023.rds (63%)
 rewrite mbb/schedules/parquet/mbb_schedule_2023.parquet (60%)
 rewrite mbb/schedules/qs/mbb_schedule_2023.qs (91%)
 rewrite mbb/schedules/rds/mbb_schedule_2023.rds (89%)
 rewrite mbb/team_box/qs/team_box_2023.qs (91%)
 rewrite mbb/team_box/rds/team_box_2023.rds (89%)
 rewrite nba_schedule_master.qs (62%)
Already up to date.
