Already up to date.
2002
Download error: http://site.api.espn.com/apis/site/v2/sports/basketball/mens-college-basketball/scoreboard?limit=500&dates=20020102&groups=50
Download error: http://site.api.espn.com/apis/site/v2/sports/basketball/mens-college-basketball/scoreboard?limit=500&dates=20020102&groups=50
Download error: http://site.api.espn.com/apis/site/v2/sports/basketball/mens-college-basketball/scoreboard?limit=500&dates=20020102&groups=50
Download error: http://site.api.espn.com/apis/site/v2/sports/basketball/mens-college-basketball/scoreboard?limit=500&dates=20020102&groups=50
Download error: http://site.api.espn.com/apis/site/v2/sports/basketball/mens-college-basketball/scoreboard?limit=500&dates=20020102&groups=50
Download error: http://site.api.espn.com/apis/site/v2/sports/basketball/mens-college-basketball/scoreboard?limit=500&dates=20020102&groups=50
Download error: http://site.api.espn.com/apis/site/v2/sports/basketball/mens-college-basketball/scoreboard?limit=500&dates=20020102&groups=50
Download error: http://site.api.espn.com/apis/site/v2/sports/basketball/mens-college-basketball/scoreboard?limit=500&dates=20020103&groups=50
Download error: http://site.api.espn.com/apis/site/v2/sports/basketball/mens-college-basketball/scoreboard?limit=500&dates=20020103&groups=50
Download error: http://site.api.espn.com/apis/site/v2/sports/basketball/mens-college-basketball/scoreboard?limit=500&dates=20020103&groups=50
Download error: http://site.api.espn.com/apis/site/v2/sports/basketball/mens-college-basketball/scoreboard?limit=500&dates=20020103&groups=50
Download error: http://site.api.espn.com/apis/site/v2/sports/basketball/mens-college-basketball/scoreboard?limit=500&dates=20020103&groups=50
Download error: http://site.api.espn.com/apis/site/v2/sports/basketball/mens-college-basketball/scoreboard?limit=500&dates=20020103&groups=50
Download error: http://site.api.espn.com/apis/site/v2/sports/basketball/mens-college-basketball/scoreboard?limit=500&dates=20020103&groups=50
2003
Download error: http://site.api.espn.com/apis/site/v2/sports/basketball/mens-college-basketball/scoreboard?limit=500&dates=20030111&groups=50
Download error: http://site.api.espn.com/apis/site/v2/sports/basketball/mens-college-basketball/scoreboard?limit=500&dates=20030126&groups=50
Download error: http://site.api.espn.com/apis/site/v2/sports/basketball/mens-college-basketball/scoreboard?limit=500&dates=20030126&groups=50
Download error: http://site.api.espn.com/apis/site/v2/sports/basketball/mens-college-basketball/scoreboard?limit=500&dates=20030126&groups=50
Download error: http://site.api.espn.com/apis/site/v2/sports/basketball/mens-college-basketball/scoreboard?limit=500&dates=20030126&groups=50
Download error: http://site.api.espn.com/apis/site/v2/sports/basketball/mens-college-basketball/scoreboard?limit=500&dates=20030126&groups=50
Download error: http://site.api.espn.com/apis/site/v2/sports/basketball/mens-college-basketball/scoreboard?limit=500&dates=20030126&groups=50
2004
Scraping year 2002...
Number of Games: 4819
Download error: http://site.api.espn.com/apis/site/v2/sports/basketball/mens-college-basketball/summary?event=220690194
Download error: http://site.api.espn.com/apis/site/v2/sports/basketball/mens-college-basketball/summary?event=220690194
Download error: http://site.api.espn.com/apis/site/v2/sports/basketball/mens-college-basketball/summary?event=220690194
Download error: http://site.api.espn.com/apis/site/v2/sports/basketball/mens-college-basketball/summary?event=220690194
Download error: http://site.api.espn.com/apis/site/v2/sports/basketball/mens-college-basketball/summary?event=220690194
Download error: http://site.api.espn.com/apis/site/v2/sports/basketball/mens-college-basketball/summary?event=220690194
Download error: http://site.api.espn.com/apis/site/v2/sports/basketball/mens-college-basketball/summary?event=220690194
